2014-06-09 12:25:07.098 HelloCordova[632:90b] Multi-tasking -> Device: YES, App: YES
2014-06-09 12:25:07.388 HelloCordova[632:90b] Unlimited access to network resources
2014-06-09 12:25:09.016 HelloCordova[632:90b] [CDVTimer][keyboard] 0.824988ms
2014-06-09 12:25:09.020 HelloCordova[632:90b] [CDVTimer][file] 2.357006ms
2014-06-09 12:25:09.020 HelloCordova[632:90b] CDVPlugin class CDVStatusBar (pluginName: statusbar) does not exist.
2014-06-09 12:25:09.021 HelloCordova[632:90b] [CDVTimer][statusbar] 0.914037ms
2014-06-09 12:25:09.023 HelloCordova[632:90b] [CDVTimer][TotalPluginStartup] 7.437050ms
2014-06-09 12:25:09.791 HelloCordova[632:90b] Resetting plugins due to page load.
2014-06-09 12:25:11.048 HelloCordova[632:90b] Finished load of: file:///Users/yanniboi/Library/Application%20Support/iPhone%20Simulator/7.1/Applications/FD5209B6-9393-4FBA-A385-B65319618759/HelloCordova.app/www/index.html#/app/home
2014-06-09 12:25:27.979 HelloCordova[632:90b] Refreshing!
2014-06-09 12:25:44.285 HelloCordova[632:90b] Refreshing!
2014-06-09 12:25:46.437 HelloCordova[632:90b] Refreshing!
2014-06-09 12:25:48.632 HelloCordova[632:90b] Refreshing!
2014-06-09 12:25:50.875 HelloCordova[632:90b] Refreshing!
2014-06-09 12:26:10.451 HelloCordova[632:90b] Full path:/dummy.html
2014-06-09 12:26:16.945 HelloCordova[632:5f6b] File Transfer Finished with response code 200
2014-06-09 12:26:27.779 HelloCordova[632:90b] setting movie path: http://bible.soulsurvivor.com/sites/default/files/221.mp4
2014-06-09 12:26:29.473 HelloCordova[632:6067] RTCReporting: resolve from http://pancake.apple.com/bags/hls?version=4.12
2014-06-09 12:26:29.537 HelloCordova[632:6433] 12:26:29.537 ERROR:     88: Error '!obj' trying to fetch default input device's sample rate
2014-06-09 12:26:29.540 HelloCordova[632:6433] 12:26:29.540 ERROR:     90: Error getting audio input device sample rate: '!obj'
2014-06-09 12:26:29.540 HelloCordova[632:6433] 12:26:29.540 WARNING:   219: The input device is 0x0; '(null)'
2014-06-09 12:26:29.540 HelloCordova[632:6433] 12:26:29.540 WARNING:   223: The output device is 0x0; '(null)'
2014-06-09 12:26:29.541 HelloCordova[632:6433] 12:26:29.541 ERROR:     398: error '!obj'
2014-06-09 12:26:29.542 HelloCordova[632:90b] 12:26:29.542 ERROR:     180: EXCEPTION thrown ('!dev'): -
2014-06-09 12:26:29.545 HelloCordova[632:90b] 12:26:29.545 ERROR:     >aqsrv> 65: Exception caught in (null) - error -1
2014-06-09 12:26:29.545 HelloCordova[632:90b] 12:26:29.545 ERROR:     180: EXCEPTION thrown ('!dev'): -
2014-06-09 12:26:29.546 HelloCordova[632:90b] 12:26:29.546 ERROR:     >aqsrv> 65: Exception caught in (null) - error -1
2014-06-09 12:26:29.546 HelloCordova[632:90b] 12:26:29.546 ERROR:     180: EXCEPTION thrown ('!dev'): -
2014-06-09 12:26:29.547 HelloCordova[632:90b] 12:26:29.547 ERROR:     >aqsrv> 65: Exception caught in (null) - error -1
2014-06-09 12:26:29.547 HelloCordova[632:90b] 12:26:29.547 ERROR:     180: EXCEPTION thrown ('!dev'): -
2014-06-09 12:26:29.547 HelloCordova[632:90b] 12:26:29.547 ERROR:     >aqsrv> 65: Exception caught in (null) - error -1
2014-06-09 12:26:29.580 HelloCordova[632:90b] _itemFailedToPlayToEnd: {
    kind = 1;
    new = 2;
    old = 0;
}
2014-06-09 12:26:29.633 HelloCordova[632:90b] setting movie path: 
2014-06-09 12:26:59.091 HelloCordova[632:90b] setting movie path: http://bible.soulsurvivor.com/sites/default/files/221.mp4
2014-06-09 12:26:59.519 HelloCordova[632:90b] 12:26:59.519 ERROR:     180: EXCEPTION thrown ('!dev'): -
2014-06-09 12:26:59.519 HelloCordova[632:90b] 12:26:59.519 ERROR:     >aqsrv> 65: Exception caught in (null) - error -1
2014-06-09 12:26:59.520 HelloCordova[632:90b] 12:26:59.520 ERROR:     180: EXCEPTION thrown ('!dev'): -
2014-06-09 12:26:59.521 HelloCordova[632:90b] 12:26:59.521 ERROR:     >aqsrv> 65: Exception caught in (null) - error -1
2014-06-09 12:26:59.521 HelloCordova[632:90b] 12:26:59.521 ERROR:     180: EXCEPTION thrown ('!dev'): -
2014-06-09 12:26:59.521 HelloCordova[632:90b] 12:26:59.521 ERROR:     >aqsrv> 65: Exception caught in (null) - error -1
2014-06-09 12:26:59.521 HelloCordova[632:90b] 12:26:59.521 ERROR:     180: EXCEPTION thrown ('!dev'): -
2014-06-09 12:26:59.522 HelloCordova[632:90b] 12:26:59.522 ERROR:     >aqsrv> 65: Exception caught in (null) - error -1
2014-06-09 12:26:59.598 HelloCordova[632:90b] _itemFailedToPlayToEnd: {
    kind = 1;
    new = 2;
    old = 0;
}
2014-06-09 12:26:59.668 HelloCordova[632:90b] setting movie path: 
2014-06-09 12:27:00.951 HelloCordova[632:90b] setting movie path: http://bible.soulsurvivor.com/sites/default/files/221.mp4
2014-06-09 12:27:02.699 HelloCordova[632:90b] 12:27:02.699 ERROR:     180: EXCEPTION thrown ('!dev'): -
2014-06-09 12:27:02.700 HelloCordova[632:90b] 12:27:02.700 ERROR:     >aqsrv> 65: Exception caught in (null) - error -1
2014-06-09 12:27:02.701 HelloCordova[632:90b] 12:27:02.701 ERROR:     180: EXCEPTION thrown ('!dev'): -
2014-06-09 12:27:02.701 HelloCordova[632:90b] 12:27:02.701 ERROR:     >aqsrv> 65: Exception caught in (null) - error -1
2014-06-09 12:27:02.701 HelloCordova[632:90b] 12:27:02.701 ERROR:     180: EXCEPTION thrown ('!dev'): -
2014-06-09 12:27:02.701 HelloCordova[632:90b] 12:27:02.701 ERROR:     >aqsrv> 65: Exception caught in (null) - error -1
2014-06-09 12:27:02.702 HelloCordova[632:90b] 12:27:02.702 ERROR:     180: EXCEPTION thrown ('!dev'): -
2014-06-09 12:27:02.702 HelloCordova[632:90b] 12:27:02.702 ERROR:     >aqsrv> 65: Exception caught in (null) - error -1
2014-06-09 12:27:02.719 HelloCordova[632:90b] _itemFailedToPlayToEnd: {
    kind = 1;
    new = 2;
    old = 0;
}
2014-06-09 12:27:02.766 HelloCordova[632:90b] setting movie path: 
2014-06-10 00:24:30.618 HelloCordova[577:90b] Multi-tasking -> Device: YES, App: YES
2014-06-10 00:24:30.669 HelloCordova[577:90b] Unlimited access to network resources
2014-06-10 00:24:32.138 HelloCordova[577:90b] [CDVTimer][keyboard] 2.009034ms
2014-06-10 00:24:32.141 HelloCordova[577:90b] [CDVTimer][file] 2.351046ms
2014-06-10 00:24:32.142 HelloCordova[577:90b] CDVPlugin class CDVStatusBar (pluginName: statusbar) does not exist.
2014-06-10 00:24:32.143 HelloCordova[577:90b] [CDVTimer][statusbar] 0.725985ms
2014-06-10 00:24:32.143 HelloCordova[577:90b] [CDVTimer][TotalPluginStartup] 7.646024ms
2014-06-10 00:24:32.865 HelloCordova[577:90b] Resetting plugins due to page load.
2014-06-10 00:24:34.325 HelloCordova[577:90b] Finished load of: file:///Users/yanniboi/Library/Application%20Support/iPhone%20Simulator/7.1/Applications/45F2A9E3-F327-4841-916F-0BA01C12DCCA/HelloCordova.app/www/index.html#/app/home
2014-06-10 00:24:46.322 HelloCordova[577:90b] Refreshing!
2014-06-10 00:24:59.597 HelloCordova[577:90b] setting movie path: http://bible.soulsurvivor.com/sites/default/files/217.mp4
2014-06-10 00:25:01.134 HelloCordova[577:790b] RTCReporting: resolve from http://pancake.apple.com/bags/hls?version=4.12
2014-06-10 00:25:01.191 HelloCordova[577:333b] 00:25:01.191 ERROR:     88: Error '!obj' trying to fetch default input device's sample rate
2014-06-10 00:25:01.193 HelloCordova[577:333b] 00:25:01.193 ERROR:     90: Error getting audio input device sample rate: '!obj'
2014-06-10 00:25:01.193 HelloCordova[577:333b] 00:25:01.193 WARNING:   219: The input device is 0x0; '(null)'
2014-06-10 00:25:01.194 HelloCordova[577:333b] 00:25:01.194 WARNING:   223: The output device is 0x0; '(null)'
2014-06-10 00:25:01.194 HelloCordova[577:333b] 00:25:01.194 ERROR:     398: error '!obj'
2014-06-10 00:25:01.199 HelloCordova[577:90b] 00:25:01.198 ERROR:     180: EXCEPTION thrown ('!dev'): -
2014-06-10 00:25:01.201 HelloCordova[577:90b] 00:25:01.201 ERROR:     >aqsrv> 65: Exception caught in (null) - error -1
2014-06-10 00:25:01.201 HelloCordova[577:90b] 00:25:01.201 ERROR:     180: EXCEPTION thrown ('!dev'): -
2014-06-10 00:25:01.214 HelloCordova[577:90b] 00:25:01.214 ERROR:     >aqsrv> 65: Exception caught in (null) - error -1
2014-06-10 00:25:01.214 HelloCordova[577:90b] 00:25:01.214 ERROR:     180: EXCEPTION thrown ('!dev'): -
2014-06-10 00:25:01.215 HelloCordova[577:90b] 00:25:01.215 ERROR:     >aqsrv> 65: Exception caught in (null) - error -1
2014-06-10 00:25:01.215 HelloCordova[577:90b] 00:25:01.215 ERROR:     180: EXCEPTION thrown ('!dev'): -
2014-06-10 00:25:01.216 HelloCordova[577:90b] 00:25:01.216 ERROR:     >aqsrv> 65: Exception caught in (null) - error -1
2014-06-10 00:25:01.247 HelloCordova[577:90b] _itemFailedToPlayToEnd: {
    kind = 1;
    new = 2;
    old = 0;
}
2014-06-10 00:25:01.365 HelloCordova[577:90b] setting movie path: 
2014-06-10 00:25:06.904 HelloCordova[577:90b] Full path:/dummy.html
2014-06-10 00:25:07.395 HelloCordova[577:761b] File Transfer Finished with response code 404
2014-06-10 00:25:07.396 HelloCordova[577:761b] FileTransferError {
    body = "A fatal error occurred: No route found for \"GET /sites/default/files/undefined.mp4\"";
    code = 3;
    "http_status" = 404;
    source = "http://bible.soulsurvivor.com/sites/default/files/undefined.mp4";
    target = "cdvfile://localhost/persistent/undefined.mp4";
}
2014-06-10 00:25:07.398 HelloCordova[577:90b] download error source http://bible.soulsurvivor.com/sites/default/files/undefined.mp4
2014-06-10 00:25:07.398 HelloCordova[577:90b] download error target cdvfile://localhost/persistent/undefined.mp4
2014-06-10 00:25:07.398 HelloCordova[577:90b] upload error code: 3
2014-06-10 00:25:30.731 HelloCordova[577:90b] Full path:/dummy.html
2014-06-10 00:25:31.183 HelloCordova[577:7913] File Transfer Finished with response code 404
2014-06-10 00:25:31.184 HelloCordova[577:7913] FileTransferError {
    body = "A fatal error occurred: No route found for \"GET /sites/default/files/undefined.mp4\"";
    code = 3;
    "http_status" = 404;
    source = "http://bible.soulsurvivor.com/sites/default/files/undefined.mp4";
    target = "cdvfile://localhost/persistent/undefined.mp4";
}
2014-06-10 00:25:31.186 HelloCordova[577:90b] download error source http://bible.soulsurvivor.com/sites/default/files/undefined.mp4
2014-06-10 00:25:31.186 HelloCordova[577:90b] download error target cdvfile://localhost/persistent/undefined.mp4
2014-06-10 00:25:31.187 HelloCordova[577:90b] upload error code: 3
2014-06-10 00:27:44.028 HelloCordova[577:90b] setting movie path: http://bible.soulsurvivor.com/sites/default/files/213.mp4
2014-06-10 00:27:48.491 HelloCordova[577:90b] 00:27:48.491 ERROR:     180: EXCEPTION thrown ('!dev'): -
2014-06-10 00:27:48.491 HelloCordova[577:90b] 00:27:48.491 ERROR:     >aqsrv> 65: Exception caught in (null) - error -1
2014-06-10 00:27:48.491 HelloCordova[577:90b] 00:27:48.491 ERROR:     180: EXCEPTION thrown ('!dev'): -
2014-06-10 00:27:48.492 HelloCordova[577:90b] 00:27:48.492 ERROR:     >aqsrv> 65: Exception caught in (null) - error -1
2014-06-10 00:27:48.493 HelloCordova[577:90b] 00:27:48.493 ERROR:     180: EXCEPTION thrown ('!dev'): -
2014-06-10 00:27:48.493 HelloCordova[577:90b] 00:27:48.493 ERROR:     >aqsrv> 65: Exception caught in (null) - error -1
2014-06-10 00:27:48.493 HelloCordova[577:90b] 00:27:48.493 ERROR:     180: EXCEPTION thrown ('!dev'): -
2014-06-10 00:27:48.494 HelloCordova[577:90b] 00:27:48.494 ERROR:     >aqsrv> 65: Exception caught in (null) - error -1
2014-06-10 00:27:48.516 HelloCordova[577:90b] _itemFailedToPlayToEnd: {
    kind = 1;
    new = 2;
    old = 0;
}
2014-06-10 00:27:48.546 HelloCordova[577:90b] setting movie path: 
2014-07-01 00:29:05.107 HelloCordova[499:90b] Multi-tasking -> Device: YES, App: YES
2014-07-01 00:29:05.162 HelloCordova[499:90b] Unlimited access to network resources
2014-07-01 00:29:06.121 HelloCordova[499:90b] [CDVTimer][keyboard] 0.163019ms
2014-07-01 00:29:06.124 HelloCordova[499:90b] [CDVTimer][file] 1.707017ms
2014-07-01 00:29:06.125 HelloCordova[499:90b] CDVPlugin class CDVStatusBar (pluginName: statusbar) does not exist.
2014-07-01 00:29:06.125 HelloCordova[499:90b] [CDVTimer][statusbar] 0.434995ms
2014-07-01 00:29:06.126 HelloCordova[499:90b] [CDVTimer][TotalPluginStartup] 4.724026ms
2014-07-01 00:29:06.594 HelloCordova[499:90b] Resetting plugins due to page load.
2014-07-01 00:29:08.178 HelloCordova[499:90b] Finished load of: file:///Users/yanniboi/Library/Application%20Support/iPhone%20Simulator/7.1/Applications/45F2A9E3-F327-4841-916F-0BA01C12DCCA/HelloCordova.app/www/index.html#/app/home
2014-07-01 00:29:54.570 HelloCordova[499:90b] Refreshing!
2014-07-01 00:29:54.570 HelloCordova[499:90b] ERROR: $ionicLoading instance.hide() has been deprecated. Use $ionicLoading.hide().
2014-07-01 00:30:00.523 HelloCordova[499:90b] THREAD WARNING: ['File'] took '100.996826' ms. Plugin should use a background thread.
2014-07-01 00:30:01.540 HelloCordova[499:90b] setting movie path: http://bible.soulsurvivor.com/sites/default/files/217.mp4
2014-07-01 00:30:03.094 HelloCordova[499:4927] RTCReporting: resolve from http://pancake.apple.com/bags/hls?version=4.12
2014-07-01 00:30:03.181 HelloCordova[499:580f] 00:30:03.181 ERROR:     88: Error '!obj' trying to fetch default input device's sample rate
2014-07-01 00:30:03.183 HelloCordova[499:580f] 00:30:03.183 ERROR:     90: Error getting audio input device sample rate: '!obj'
2014-07-01 00:30:03.184 HelloCordova[499:580f] 00:30:03.184 WARNING:   219: The input device is 0x0; '(null)'
2014-07-01 00:30:03.185 HelloCordova[499:580f] 00:30:03.185 WARNING:   223: The output device is 0x0; '(null)'
2014-07-01 00:30:03.185 HelloCordova[499:580f] 00:30:03.185 ERROR:     398: error '!obj'
2014-07-01 00:30:03.187 HelloCordova[499:90b] 00:30:03.187 ERROR:     180: EXCEPTION thrown ('!dev'): -
2014-07-01 00:30:03.190 HelloCordova[499:90b] 00:30:03.190 ERROR:     >aqsrv> 65: Exception caught in (null) - error -1
2014-07-01 00:30:03.191 HelloCordova[499:90b] 00:30:03.191 ERROR:     180: EXCEPTION thrown ('!dev'): -
2014-07-01 00:30:03.191 HelloCordova[499:90b] 00:30:03.191 ERROR:     >aqsrv> 65: Exception caught in (null) - error -1
2014-07-01 00:30:03.191 HelloCordova[499:90b] 00:30:03.191 ERROR:     180: EXCEPTION thrown ('!dev'): -
2014-07-01 00:30:03.191 HelloCordova[499:90b] 00:30:03.191 ERROR:     >aqsrv> 65: Exception caught in (null) - error -1
2014-07-01 00:30:03.192 HelloCordova[499:90b] 00:30:03.192 ERROR:     180: EXCEPTION thrown ('!dev'): -
2014-07-01 00:30:03.193 HelloCordova[499:90b] 00:30:03.193 ERROR:     >aqsrv> 65: Exception caught in (null) - error -1
2014-07-01 00:30:03.220 HelloCordova[499:90b] _itemFailedToPlayToEnd: {
    kind = 1;
    new = 2;
    old = 0;
}
2014-07-01 00:30:03.281 HelloCordova[499:90b] setting movie path: 
2014-07-01 00:30:11.569 HelloCordova[499:90b] ERROR: Error: 'undefined' is not an object (evaluating 'window.plugins.socialsharing')
share@file:///Users/yanniboi/Library/Application%20Support/iPhone%20Simulator/7.1/Applications/45F2A9E3-F327-4841-916F-0BA01C12DCCA/HelloCordova.app/www/js/controllers.js:320:27
file:///Users/yanniboi/Library/Application%20Support/iPhone%20Simulator/7.1/Applications/45F2A9E3-F327-4841-916F-0BA01C12DCCA/HelloCordova.app/www/lib/ionic/js/ionic.bundle.js:19149:26
file:///Users/yanniboi/Library/Application%20Support/iPhone%20Simulator/7.1/Applications/45F2A9E3-F327-4841-916F-0BA01C12DCCA/HelloCordova.app/www/lib/ionic/js/ionic.bundle.js:41592:21
$eval@file:///Users/yanniboi/Library/Application%20Support/iPhone%20Simulator/7.1/Applications/45F2A9E3-F327-4841-916F-0BA01C12DCCA/HelloCordova.app/www/lib/ionic/js/ionic.bundle.js:20906:28
$apply@file:///Users/yanniboi/Library/Application%20Support/iPhone%20Simulator/7.1/Applications/45F2A9E3-F327-4841-916F-0BA01C12DCCA/HelloCordova.app/www/lib/ionic/js/ionic.bundle.js:21006:28
file:///Users/yanniboi/Library/Application%20Support/iPhone%20Simulator/7.1/Applications/45F2A9E3-F327-4841-916F-0BA01C12DCCA/HelloCordova.app/www/lib/ionic/js/ionic.bundle.js:41591:19
file:///Users/yanniboi/Library/Application%20Support/iPhone%20Simulator/7.1/Applications/45F2A9E3-F327-4841-916F-0BA01C12DCCA/HelloCordova.app/www/lib/ionic/js/ionic.bundle.js:11545:14
forEach@file:///Users/yanniboi/Library/Application%20Support/iPhone%20Simulator/7.1/Applications/45F2A9E3-F327-4841-916F-0BA01C12DCCA/HelloCordova.app/www/lib/ionic/js/ionic.bundle.js:9239:24
eventHandler@file:///Users/yanniboi/Library/Application%20Support/iPhone%20Simulator/7.1/Applications/45F2A9E3-F327-4841-916F-0BA01C12DCCA/HelloCordova.app/www/lib/ionic/js/ionic.bundle.js:11544:12
dispatchEvent@[native code]
triggerMouseEvent@file:///Users/yanniboi/Library/Application%20Support/iPhone%20Simulator/7.1/Applications/45F2A9E3-F327-4841-916F-0BA01C12DCCA/HelloCordova.app/www/lib/ionic/js/ionic.bundle.js:2691:20
tapClick@file:///Users/yanniboi/Library/Application%20Support/iPhone%20Simulator/7.1/Applications/45F2A9E3-F327-4841-916F-0BA01C12DCCA/HelloCordova.app/www/lib/ionic/js/ionic.bundle.js:2680:20
tapTouchEnd@file:///Users/yanniboi/Library/Application%20Support/iPhone%20Simulator/7.1/Applications/45F2A9E3-F327-4841-916F-0BA01C12DCCA/HelloCordova.app/www/lib/ionic/js/ionic.bundle.js:2798:13
2014-07-01 00:30:36.617 HelloCordova[499:90b] Full path:/dummy.html
2014-07-01 00:30:40.502 HelloCordova[499:7937] File Transfer Finished with response code 200
2014-07-01 00:30:48.959 HelloCordova[499:90b] Refreshing!
2014-07-01 00:30:48.960 HelloCordova[499:90b] ERROR: $ionicLoading instance.hide() has been deprecated. Use $ionicLoading.hide().
2014-07-01 00:30:53.608 HelloCordova[499:90b] THREAD WARNING: ['File'] took '11.544922' ms. Plugin should use a background thread.
2014-07-01 00:31:08.976 HelloCordova[499:90b] ERROR: Error: 'undefined' is not an object (evaluating 'window.plugins.socialsharing')
share@file:///Users/yanniboi/Library/Application%20Support/iPhone%20Simulator/7.1/Applications/45F2A9E3-F327-4841-916F-0BA01C12DCCA/HelloCordova.app/www/js/controllers.js:320:27
file:///Users/yanniboi/Library/Application%20Support/iPhone%20Simulator/7.1/Applications/45F2A9E3-F327-4841-916F-0BA01C12DCCA/HelloCordova.app/www/lib/ionic/js/ionic.bundle.js:19149:26
file:///Users/yanniboi/Library/Application%20Support/iPhone%20Simulator/7.1/Applications/45F2A9E3-F327-4841-916F-0BA01C12DCCA/HelloCordova.app/www/lib/ionic/js/ionic.bundle.js:41592:21
$eval@file:///Users/yanniboi/Library/Application%20Support/iPhone%20Simulator/7.1/Applications/45F2A9E3-F327-4841-916F-0BA01C12DCCA/HelloCordova.app/www/lib/ionic/js/ionic.bundle.js:20906:28
$apply@file:///Users/yanniboi/Library/Application%20Support/iPhone%20Simulator/7.1/Applications/45F2A9E3-F327-4841-916F-0BA01C12DCCA/HelloCordova.app/www/lib/ionic/js/ionic.bundle.js:21006:28
file:///Users/yanniboi/Library/Application%20Support/iPhone%20Simulator/7.1/Applications/45F2A9E3-F327-4841-916F-0BA01C12DCCA/HelloCordova.app/www/lib/ionic/js/ionic.bundle.js:41591:19
file:///Users/yanniboi/Library/Application%20Support/iPhone%20Simulator/7.1/Applications/45F2A9E3-F327-4841-916F-0BA01C12DCCA/HelloCordova.app/www/lib/ionic/js/ionic.bundle.js:11545:14
forEach@file:///Users/yanniboi/Library/Application%20Support/iPhone%20Simulator/7.1/Applications/45F2A9E3-F327-4841-916F-0BA01C12DCCA/HelloCordova.app/www/lib/ionic/js/ionic.bundle.js:9239:24
eventHandler@file:///Users/yanniboi/Library/Application%20Support/iPhone%20Simulator/7.1/Applications/45F2A9E3-F327-4841-916F-0BA01C12DCCA/HelloCordova.app/www/lib/ionic/js/ionic.bundle.js:11544:12
dispatchEvent@[native code]
triggerMouseEvent@file:///Users/yanniboi/Library/Application%20Support/iPhone%20Simulator/7.1/Applications/45F2A9E3-F327-4841-916F-0BA01C12DCCA/HelloCordova.app/www/lib/ionic/js/ionic.bundle.js:2691:20
tapClick@file:///Users/yanniboi/Library/Application%20Support/iPhone%20Simulator/7.1/Applications/45F2A9E3-F327-4841-916F-0BA01C12DCCA/HelloCordova.app/www/lib/ionic/js/ionic.bundle.js:2680:20
tapTouchEnd@file:///Users/yanniboi/Library/Application%20Support/iPhone%20Simulator/7.1/Applications/45F2A9E3-F327-4841-916F-0BA01C12DCCA/HelloCordova.app/www/lib/ionic/js/ionic.bundle.js:2798:13
2014-07-01 00:31:10.900 HelloCordova[499:90b] ERROR: Error: 'undefined' is not an object (evaluating 'window.plugins.socialsharing')
share@file:///Users/yanniboi/Library/Application%20Support/iPhone%20Simulator/7.1/Applications/45F2A9E3-F327-4841-916F-0BA01C12DCCA/HelloCordova.app/www/js/controllers.js:320:27
file:///Users/yanniboi/Library/Application%20Support/iPhone%20Simulator/7.1/Applications/45F2A9E3-F327-4841-916F-0BA01C12DCCA/HelloCordova.app/www/lib/ionic/js/ionic.bundle.js:19149:26
file:///Users/yanniboi/Library/Application%20Support/iPhone%20Simulator/7.1/Applications/45F2A9E3-F327-4841-916F-0BA01C12DCCA/HelloCordova.app/www/lib/ionic/js/ionic.bundle.js:41592:21
$eval@file:///Users/yanniboi/Library/Application%20Support/iPhone%20Simulator/7.1/Applications/45F2A9E3-F327-4841-916F-0BA01C12DCCA/HelloCordova.app/www/lib/ionic/js/ionic.bundle.js:20906:28
$apply@file:///Users/yanniboi/Library/Application%20Support/iPhone%20Simulator/7.1/Applications/45F2A9E3-F327-4841-916F-0BA01C12DCCA/HelloCordova.app/www/lib/ionic/js/ionic.bundle.js:21006:28
file:///Users/yanniboi/Library/Application%20Support/iPhone%20Simulator/7.1/Applications/45F2A9E3-F327-4841-916F-0BA01C12DCCA/HelloCordova.app/www/lib/ionic/js/ionic.bundle.js:41591:19
file:///Users/yanniboi/Library/Application%20Support/iPhone%20Simulator/7.1/Applications/45F2A9E3-F327-4841-916F-0BA01C12DCCA/HelloCordova.app/www/lib/ionic/js/ionic.bundle.js:11545:14
forEach@file:///Users/yanniboi/Library/Application%20Support/iPhone%20Simulator/7.1/Applications/45F2A9E3-F327-4841-916F-0BA01C12DCCA/HelloCordova.app/www/lib/ionic/js/ionic.bundle.js:9239:24
eventHandler@file:///Users/yanniboi/Library/Application%20Support/iPhone%20Simulator/7.1/Applications/45F2A9E3-F327-4841-916F-0BA01C12DCCA/HelloCordova.app/www/lib/ionic/js/ionic.bundle.js:11544:12
dispatchEvent@[native code]
triggerMouseEvent@file:///Users/yanniboi/Library/Application%20Support/iPhone%20Simulator/7.1/Applications/45F2A9E3-F327-4841-916F-0BA01C12DCCA/HelloCordova.app/www/lib/ionic/js/ionic.bundle.js:2691:20
tapClick@file:///Users/yanniboi/Library/Application%20Support/iPhone%20Simulator/7.1/Applications/45F2A9E3-F327-4841-916F-0BA01C12DCCA/HelloCordova.app/www/lib/ionic/js/ionic.bundle.js:2680:20
tapTouchEnd@file:///Users/yanniboi/Library/Application%20Support/iPhone%20Simulator/7.1/Applications/45F2A9E3-F327-4841-916F-0BA01C12DCCA/HelloCordova.app/www/lib/ionic/js/ionic.bundle.js:2798:13
2014-07-01 00:31:11.861 HelloCordova[499:90b] ERROR: Error: 'undefined' is not an object (evaluating 'window.plugins.socialsharing')
share@file:///Users/yanniboi/Library/Application%20Support/iPhone%20Simulator/7.1/Applications/45F2A9E3-F327-4841-916F-0BA01C12DCCA/HelloCordova.app/www/js/controllers.js:320:27
file:///Users/yanniboi/Library/Application%20Support/iPhone%20Simulator/7.1/Applications/45F2A9E3-F327-4841-916F-0BA01C12DCCA/HelloCordova.app/www/lib/ionic/js/ionic.bundle.js:19149:26
file:///Users/yanniboi/Library/Application%20Support/iPhone%20Simulator/7.1/Applications/45F2A9E3-F327-4841-916F-0BA01C12DCCA/HelloCordova.app/www/lib/ionic/js/ionic.bundle.js:41592:21
$eval@file:///Users/yanniboi/Library/Application%20Support/iPhone%20Simulator/7.1/Applications/45F2A9E3-F327-4841-916F-0BA01C12DCCA/HelloCordova.app/www/lib/ionic/js/ionic.bundle.js:20906:28
$apply@file:///Users/yanniboi/Library/Application%20Support/iPhone%20Simulator/7.1/Applications/45F2A9E3-F327-4841-916F-0BA01C12DCCA/HelloCordova.app/www/lib/ionic/js/ionic.bundle.js:21006:28
file:///Users/yanniboi/Library/Application%20Support/iPhone%20Simulator/7.1/Applications/45F2A9E3-F327-4841-916F-0BA01C12DCCA/HelloCordova.app/www/lib/ionic/js/ionic.bundle.js:41591:19
file:///Users/yanniboi/Library/Application%20Support/iPhone%20Simulator/7.1/Applications/45F2A9E3-F327-4841-916F-0BA01C12DCCA/HelloCordova.app/www/lib/ionic/js/ionic.bundle.js:11545:14
forEach@file:///Users/yanniboi/Library/Application%20Support/iPhone%20Simulator/7.1/Applications/45F2A9E3-F327-4841-916F-0BA01C12DCCA/HelloCordova.app/www/lib/ionic/js/ionic.bundle.js:9239:24
eventHandler@file:///Users/yanniboi/Library/Application%20Support/iPhone%20Simulator/7.1/Applications/45F2A9E3-F327-4841-916F-0BA01C12DCCA/HelloCordova.app/www/lib/ionic/js/ionic.bundle.js:11544:12
dispatchEvent@[native code]
triggerMouseEvent@file:///Users/yanniboi/Library/Application%20Support/iPhone%20Simulator/7.1/Applications/45F2A9E3-F327-4841-916F-0BA01C12DCCA/HelloCordova.app/www/lib/ionic/js/ionic.bundle.js:2691:20
tapClick@file:///Users/yanniboi/Library/Application%20Support/iPhone%20Simulator/7.1/Applications/45F2A9E3-F327-4841-916F-0BA01C12DCCA/HelloCordova.app/www/lib/ionic/js/ionic.bundle.js:2680:20
tapTouchEnd@file:///Users/yanniboi/Library/Application%20Support/iPhone%20Simulator/7.1/Applications/45F2A9E3-F327-4841-916F-0BA01C12DCCA/HelloCordova.app/www/lib/ionic/js/ionic.bundle.js:2798:13
2014-07-01 00:31:16.781 HelloCordova[499:90b] Resetting plugins due to page load.
2014-07-01 00:31:20.114 HelloCordova[499:90b] Finished load of: http://bible.soulsurvivor.com/node/4#comment-form
2014-07-01 00:33:08.266 HelloCordova[499:90b] Resetting plugins due to page load.
2014-07-01 00:33:10.077 HelloCordova[499:90b] Finished load of: http://bible.soulsurvivor.com/
2014-07-01 00:33:13.210 HelloCordova[499:90b] Resetting plugins due to page load.
2014-07-01 00:33:13.930 HelloCordova[499:90b] Finished load of: http://bible.soulsurvivor.com/node/6
2014-07-01 00:38:08.479 HelloCordova[1273:90b] Multi-tasking -> Device: YES, App: YES
2014-07-01 00:38:08.495 HelloCordova[1273:90b] Unlimited access to network resources
2014-07-01 00:38:08.598 HelloCordova[1273:90b] [CDVTimer][keyboard] 0.151992ms
2014-07-01 00:38:08.601 HelloCordova[1273:90b] [CDVTimer][file] 2.324998ms
2014-07-01 00:38:08.602 HelloCordova[1273:90b] CDVPlugin class CDVStatusBar (pluginName: statusbar) does not exist.
2014-07-01 00:38:08.603 HelloCordova[1273:90b] [CDVTimer][statusbar] 1.049995ms
2014-07-01 00:38:08.603 HelloCordova[1273:90b] [CDVTimer][TotalPluginStartup] 5.751967ms
2014-07-01 00:38:08.965 HelloCordova[1273:90b] Resetting plugins due to page load.
2014-07-01 00:38:11.189 HelloCordova[1273:90b] Finished load of: file:///Users/yanniboi/Library/Application%20Support/iPhone%20Simulator/7.1/Applications/45F2A9E3-F327-4841-916F-0BA01C12DCCA/HelloCordova.app/www/index.html#/app/home
2014-07-01 00:40:34.992 HelloCordova[1557:90b] Multi-tasking -> Device: YES, App: YES
2014-07-01 00:40:35.009 HelloCordova[1557:90b] Unlimited access to network resources
2014-07-01 00:40:35.171 HelloCordova[1557:90b] [CDVTimer][keyboard] 0.160992ms
2014-07-01 00:40:35.198 HelloCordova[1557:90b] [CDVTimer][file] 26.692986ms
2014-07-01 00:40:35.199 HelloCordova[1557:90b] CDVPlugin class CDVStatusBar (pluginName: statusbar) does not exist.
2014-07-01 00:40:35.199 HelloCordova[1557:90b] [CDVTimer][statusbar] 0.342011ms
2014-07-01 00:40:35.200 HelloCordova[1557:90b] [CDVTimer][TotalPluginStartup] 29.529989ms
2014-07-01 00:40:35.567 HelloCordova[1557:90b] Resetting plugins due to page load.
2014-07-01 00:40:38.100 HelloCordova[1557:90b] Finished load of: file:///Users/yanniboi/Library/Application%20Support/iPhone%20Simulator/7.1/Applications/45F2A9E3-F327-4841-916F-0BA01C12DCCA/HelloCordova.app/www/index.html#/app/home
2014-07-01 00:40:45.335 HelloCordova[1557:90b] THREAD WARNING: ['File'] took '25.784180' ms. Plugin should use a background thread.
2014-07-01 00:40:45.988 HelloCordova[1557:90b] setting movie path: http://bible.soulsurvivor.com/sites/default/files/213.mp4
2014-07-01 00:40:49.146 HelloCordova[1557:4913] RTCReporting: resolve from http://pancake.apple.com/bags/hls?version=4.12
2014-07-01 00:40:50.250 HelloCordova[1557:90b] 00:40:50.249 ERROR:     88: Error '!obj' trying to fetch default input device's sample rate
2014-07-01 00:40:50.251 HelloCordova[1557:90b] 00:40:50.251 ERROR:     90: Error getting audio input device sample rate: '!obj'
2014-07-01 00:40:50.251 HelloCordova[1557:90b] 00:40:50.251 WARNING:   219: The input device is 0x0; '(null)'
2014-07-01 00:40:50.251 HelloCordova[1557:90b] 00:40:50.251 WARNING:   223: The output device is 0x0; '(null)'
2014-07-01 00:40:50.251 HelloCordova[1557:90b] 00:40:50.251 ERROR:     398: error '!obj'
2014-07-01 00:40:50.252 HelloCordova[1557:7117] 00:40:50.252 ERROR:     180: EXCEPTION thrown ('!dev'): -
2014-07-01 00:40:50.253 HelloCordova[1557:90b] 00:40:50.253 ERROR:     180: EXCEPTION thrown ('!dev'): -
2014-07-01 00:40:50.253 HelloCordova[1557:90b] 00:40:50.253 ERROR:     >aqsrv> 65: Exception caught in (null) - error -1
2014-07-01 00:40:50.253 HelloCordova[1557:90b] 00:40:50.253 ERROR:     180: EXCEPTION thrown ('!dev'): -
2014-07-01 00:40:50.253 HelloCordova[1557:90b] 00:40:50.253 ERROR:     >aqsrv> 65: Exception caught in (null) - error -1
2014-07-01 00:40:50.254 HelloCordova[1557:90b] 00:40:50.254 ERROR:     180: EXCEPTION thrown ('!dev'): -
2014-07-01 00:40:50.255 HelloCordova[1557:90b] 00:40:50.255 ERROR:     >aqsrv> 65: Exception caught in (null) - error -1
2014-07-01 00:40:50.261 HelloCordova[1557:90b] _itemFailedToPlayToEnd: {
    kind = 1;
    new = 2;
    old = 0;
}
2014-07-01 00:40:50.341 HelloCordova[1557:90b] setting movie path: 
2014-07-01 00:40:59.346 HelloCordova[1557:90b] Resetting plugins due to page load.
2014-07-01 00:41:02.404 HelloCordova[1557:90b] Finished load of: http://bible.soulsurvivor.com/node/3#comment-form
2014-07-01 00:42:26.772 HelloCordova[1834:90b] Multi-tasking -> Device: YES, App: YES
2014-07-01 00:42:26.791 HelloCordova[1834:90b] Unlimited access to network resources
2014-07-01 00:42:27.036 HelloCordova[1834:90b] [CDVTimer][keyboard] 0.218034ms
2014-07-01 00:42:27.038 HelloCordova[1834:90b] [CDVTimer][file] 1.161993ms
2014-07-01 00:42:27.039 HelloCordova[1834:90b] CDVPlugin class CDVStatusBar (pluginName: statusbar) does not exist.
2014-07-01 00:42:27.041 HelloCordova[1834:90b] [CDVTimer][statusbar] 1.973987ms
2014-07-01 00:42:27.042 HelloCordova[1834:90b] [CDVTimer][TotalPluginStartup] 6.528020ms
2014-07-01 00:42:27.425 HelloCordova[1834:90b] Resetting plugins due to page load.
2014-07-01 00:42:29.230 HelloCordova[1834:90b] Finished load of: file:///Users/yanniboi/Library/Application%20Support/iPhone%20Simulator/7.1/Applications/45F2A9E3-F327-4841-916F-0BA01C12DCCA/HelloCordova.app/www/index.html#/app/home
2014-07-01 00:42:34.983 HelloCordova[1834:90b] THREAD WARNING: ['File'] took '18.313721' ms. Plugin should use a background thread.
2014-07-01 00:42:35.619 HelloCordova[1834:90b] setting movie path: http://bible.soulsurvivor.com/sites/default/files/213.mp4
2014-07-01 00:42:39.898 HelloCordova[1834:6f13] RTCReporting: resolve from http://pancake.apple.com/bags/hls?version=4.12
2014-07-01 00:42:41.442 HelloCordova[1834:90b] 00:42:41.442 ERROR:     88: Error '!obj' trying to fetch default input device's sample rate
2014-07-01 00:42:41.443 HelloCordova[1834:90b] 00:42:41.443 ERROR:     90: Error getting audio input device sample rate: '!obj'
2014-07-01 00:42:41.444 HelloCordova[1834:90b] 00:42:41.444 WARNING:   219: The input device is 0x0; '(null)'
2014-07-01 00:42:41.444 HelloCordova[1834:90b] 00:42:41.444 WARNING:   223: The output device is 0x0; '(null)'
2014-07-01 00:42:41.444 HelloCordova[1834:90b] 00:42:41.444 ERROR:     398: error '!obj'
2014-07-01 00:42:41.445 HelloCordova[1834:8713] 00:42:41.445 ERROR:     180: EXCEPTION thrown ('!dev'): -
2014-07-01 00:42:41.445 HelloCordova[1834:90b] 00:42:41.445 ERROR:     180: EXCEPTION thrown ('!dev'): -
2014-07-01 00:42:41.446 HelloCordova[1834:90b] 00:42:41.446 ERROR:     >aqsrv> 65: Exception caught in (null) - error -1
2014-07-01 00:42:41.446 HelloCordova[1834:90b] 00:42:41.446 ERROR:     180: EXCEPTION thrown ('!dev'): -
2014-07-01 00:42:41.447 HelloCordova[1834:90b] 00:42:41.447 ERROR:     >aqsrv> 65: Exception caught in (null) - error -1
2014-07-01 00:42:41.447 HelloCordova[1834:90b] 00:42:41.447 ERROR:     180: EXCEPTION thrown ('!dev'): -
2014-07-01 00:42:41.448 HelloCordova[1834:90b] 00:42:41.448 ERROR:     >aqsrv> 65: Exception caught in (null) - error -1
2014-07-01 00:42:41.454 HelloCordova[1834:90b] _itemFailedToPlayToEnd: {
    kind = 1;
    new = 2;
    old = 0;
}
2014-07-01 00:42:41.509 HelloCordova[1834:90b] setting movie path: 
2014-07-01 00:43:15.194 HelloCordova[1834:90b] setting movie path: http://bible.soulsurvivor.com/sites/default/files/213.mp4
2014-07-01 00:43:19.355 HelloCordova[1834:90b] 00:43:19.355 ERROR:     180: EXCEPTION thrown ('!dev'): -
2014-07-01 00:43:19.356 HelloCordova[1834:90b] 00:43:19.356 ERROR:     >aqsrv> 65: Exception caught in (null) - error -1
2014-07-01 00:43:19.356 HelloCordova[1834:90b] 00:43:19.356 ERROR:     180: EXCEPTION thrown ('!dev'): -
2014-07-01 00:43:19.356 HelloCordova[1834:90b] 00:43:19.356 ERROR:     >aqsrv> 65: Exception caught in (null) - error -1
2014-07-01 00:43:19.357 HelloCordova[1834:90b] 00:43:19.357 ERROR:     180: EXCEPTION thrown ('!dev'): -
2014-07-01 00:43:19.358 HelloCordova[1834:90b] 00:43:19.358 ERROR:     >aqsrv> 65: Exception caught in (null) - error -1
2014-07-01 00:43:19.358 HelloCordova[1834:90b] 00:43:19.358 ERROR:     180: EXCEPTION thrown ('!dev'): -
2014-07-01 00:43:19.358 HelloCordova[1834:90b] 00:43:19.358 ERROR:     >aqsrv> 65: Exception caught in (null) - error -1
2014-07-01 00:43:19.369 HelloCordova[1834:90b] _itemFailedToPlayToEnd: {
    kind = 1;
    new = 2;
    old = 0;
}
2014-07-01 00:43:44.532 HelloCordova[1834:90b] Thank you for not eating my delicious ice cream cone
